<?xml version="1.0" encoding="UTF-8"?>
<!-- Generated by org.testng.reporters.JUnitXMLReporter -->
<testsuite ignored="6" hostname="K548LTRV" failures="0" tests="1" name="Default test" time="9.505" errors="0" timestamp="2024-06-04T09:43:45 IST">
  <testcase classname="apiTestCases.BookTest" name="testSchemaValidation" time="8.955"/>
  <testcase classname="apiTestCases.BookTest" name="testGetAllbook" time="0.0">
    <ignored/>
  </testcase> <!-- testGetAllbook -->
  <testcase classname="apiTestCases.BookTest" name="testPostbook" time="0.0">
    <ignored/>
  </testcase> <!-- testPostbook -->
  <testcase classname="apiTestCases.BookTest" name="testgetbyidbook" time="0.0">
    <ignored/>
  </testcase> <!-- testgetbyidbook -->
  <testcase classname="apiTestCases.BookTest" name="schemavalidation" time="0.0">
    <ignored/>
  </testcase> <!-- schemavalidation -->
  <testcase classname="apiTestCases.BookTest" name="testdeletebook" time="0.0">
    <ignored/>
  </testcase> <!-- testdeletebook -->
  <testcase classname="apiTestCases.BookTest" name="testputbook" time="0.0">
    <ignored/>
  </testcase> <!-- testputbook -->
</testsuite> <!-- Default test -->
