<?xml version="1.0" encoding="UTF-8"?>
<!-- Generated by org.testng.reporters.JUnitXMLReporter -->
<testsuite ignored="0" hostname="K548LTRV" failures="0" tests="4" name="Default test" time="30.259" errors="0" timestamp="2024-05-27T17:40:06 IST">
  <testcase classname="ust.test.ApptimerTest" name="starttest" time="3.118"/>
  <testcase classname="ust.test.ApptimerTest" name="appTest" time="8.271"/>
  <testcase classname="ust.test.ApptimerTest" name="generalstoreTest" time="2.611"/>
  <testcase classname="ust.test.ApptimerTest" name="timerTest" time="2.355"/>
</testsuite> <!-- Default test -->
