<?xml version="1.0" encoding="UTF-8"?>
<!-- Generated by org.testng.reporters.JUnitXMLReporter -->
<testsuite ignored="0" hostname="K548LTRV" failures="0" tests="5" name="Test" time="40.84" errors="0" timestamp="2024-06-11T10:20:42 IST">
  <testcase classname="com.ust.tests.CheckoutTest" name="start" time="0.023"/>
  <testcase classname="com.ust.tests.CheckoutTest" name="itemclickTest" time="7.423"/>
  <testcase classname="com.ust.tests.CheckoutTest" name="buyingtheItemTest" time="4.774"/>
  <testcase classname="com.ust.tests.CheckoutTest" name="checkingoutTest" time="1.247"/>
  <testcase classname="com.ust.tests.CheckoutTest" name="addressdetailsTest" time="3.867"/>
</testsuite> <!-- Test -->
