<?xml version="1.0" encoding="UTF-8"?>
<testng-results ignored="0" total="4" passed="4" failed="0" skipped="0">
  <reporter-output>
  </reporter-output>
  <suite started-at="2024-05-30T15:35:50 IST" name="Default suite" finished-at="2024-05-30T15:37:28 IST" duration-ms="98426">
    <groups>
    </groups>
    <test started-at="2024-05-30T15:35:50 IST" name="Default test" finished-at="2024-05-30T15:37:28 IST" duration-ms="98426">
      <class name="tests.ClockAppTest">
        <test-method is-config="true" signature="setup()[pri:0, instance:tests.ClockAppTest@6f10d5b6]" started-at="2024-05-30T15:35:50 IST" name="setup" finished-at="2024-05-30T15:36:13 IST" duration-ms="23381" status="PASS">
          <reporter-output>
          </reporter-output>
        </test-method> <!-- setup -->
        <test-method is-config="true" signature="init()[pri:0, instance:tests.ClockAppTest@6f10d5b6]" started-at="2024-05-30T15:36:13 IST" name="init" finished-at="2024-05-30T15:36:29 IST" duration-ms="15484" status="PASS">
          <reporter-output>
          </reporter-output>
        </test-method> <!-- init -->
        <test-method signature="plusIconTest()[pri:1, instance:tests.ClockAppTest@6f10d5b6]" started-at="2024-05-30T15:36:29 IST" name="plusIconTest" finished-at="2024-05-30T15:36:37 IST" duration-ms="7796" status="PASS">
          <reporter-output>
          </reporter-output>
        </test-method> <!-- plusIconTest -->
        <test-method signature="regularAlarmTest()[pri:2, instance:tests.ClockAppTest@6f10d5b6]" started-at="2024-05-30T15:36:38 IST" name="regularAlarmTest" finished-at="2024-05-30T15:36:51 IST" duration-ms="12568" status="PASS">
          <reporter-output>
          </reporter-output>
        </test-method> <!-- regularAlarmTest -->
        <test-method signature="timerTest()[pri:3, instance:tests.ClockAppTest@6f10d5b6]" started-at="2024-05-30T15:36:51 IST" name="timerTest" finished-at="2024-05-30T15:37:15 IST" duration-ms="23385" status="PASS">
          <reporter-output>
          </reporter-output>
        </test-method> <!-- timerTest -->
        <test-method signature="deleteTimerTest()[pri:4, instance:tests.ClockAppTest@6f10d5b6]" started-at="2024-05-30T15:37:17 IST" name="deleteTimerTest" finished-at="2024-05-30T15:37:26 IST" duration-ms="8862" status="PASS">
          <reporter-output>
          </reporter-output>
        </test-method> <!-- deleteTimerTest -->
        <test-method is-config="true" signature="stopServer()[pri:0, instance:tests.ClockAppTest@6f10d5b6]" started-at="2024-05-30T15:37:27 IST" name="stopServer" finished-at="2024-05-30T15:37:28 IST" duration-ms="1350" status="PASS">
          <reporter-output>
          </reporter-output>
        </test-method> <!-- stopServer -->
      </class> <!-- tests.ClockAppTest -->
    </test> <!-- Default test -->
  </suite> <!-- Default suite -->
</testng-results>
