<?xml version="1.0" encoding="UTF-8"?>
<testng-results ignored="0" total="5" passed="5" failed="0" skipped="0">
  <reporter-output>
  </reporter-output>
  <suite started-at="2024-05-02T14:22:44 IST" name="Default suite" finished-at="2024-05-02T14:22:50 IST" duration-ms="6220">
    <groups>
    </groups>
    <test started-at="2024-05-02T14:22:44 IST" name="Default test" finished-at="2024-05-02T14:22:50 IST" duration-ms="6220">
      <class name="ApiTestcases.UserTest">
        <test-method is-config="true" signature="setup()[pri:0, instance:ApiTestcases.UserTest@65fb9ffc]" started-at="2024-05-02T14:22:44 IST" name="setup" finished-at="2024-05-02T14:22:44 IST" duration-ms="13" status="PASS">
          <reporter-output>
          </reporter-output>
        </test-method> <!-- setup -->
        <test-method signature="createUserTest()[pri:0, instance:ApiTestcases.UserTest@65fb9ffc]" started-at="2024-05-02T14:22:44 IST" name="createUserTest" finished-at="2024-05-02T14:22:47 IST" duration-ms="3715" status="PASS">
          <reporter-output>
          </reporter-output>
        </test-method> <!-- createUserTest -->
        <test-method signature="deleteUserTest()[pri:0, instance:ApiTestcases.UserTest@65fb9ffc]" started-at="2024-05-02T14:22:48 IST" name="deleteUserTest" finished-at="2024-05-02T14:22:48 IST" duration-ms="492" status="PASS">
          <reporter-output>
          </reporter-output>
        </test-method> <!-- deleteUserTest -->
        <test-method signature="getSingleUserByLoginTest()[pri:0, instance:ApiTestcases.UserTest@65fb9ffc]" started-at="2024-05-02T14:22:48 IST" name="getSingleUserByLoginTest" finished-at="2024-05-02T14:22:49 IST" duration-ms="606" status="PASS">
          <reporter-output>
          </reporter-output>
        </test-method> <!-- getSingleUserByLoginTest -->
        <test-method signature="getSingleUserByUsernameTest()[pri:0, instance:ApiTestcases.UserTest@65fb9ffc]" started-at="2024-05-02T14:22:49 IST" name="getSingleUserByUsernameTest" finished-at="2024-05-02T14:22:49 IST" duration-ms="577" status="PASS">
          <reporter-output>
          </reporter-output>
        </test-method> <!-- getSingleUserByUsernameTest -->
        <test-method signature="updateUserTest()[pri:0, instance:ApiTestcases.UserTest@65fb9ffc]" started-at="2024-05-02T14:22:49 IST" name="updateUserTest" finished-at="2024-05-02T14:22:50 IST" duration-ms="752" status="PASS">
          <reporter-output>
          </reporter-output>
        </test-method> <!-- updateUserTest -->
      </class> <!-- ApiTestcases.UserTest -->
    </test> <!-- Default test -->
  </suite> <!-- Default suite -->
</testng-results>
