<?xml version="1.0" encoding="UTF-8"?>
<!-- Generated by org.testng.reporters.JUnitXMLReporter -->
<testsuite ignored="0" hostname="K548LTRV" failures="0" tests="4" name="Default test" time="6.07" errors="0" timestamp="2024-05-02T15:58:17 IST">
  <testcase classname="APITestcase.DatadrivenTest" name="testPostuser" time="3.105"/>
  <testcase classname="APITestcase.DatadrivenTest" name="testPostuser" time="0.619"/>
  <testcase classname="APITestcase.DatadrivenTest" name="testPostuser" time="0.633"/>
  <testcase classname="APITestcase.DatadrivenTest" name="testPostuser" time="0.63"/>
</testsuite> <!-- Default test -->
