<?xml version="1.0" encoding="UTF-8"?>
<testng-results ignored="0" total="1" passed="1" failed="0" skipped="0">
  <reporter-output>
  </reporter-output>
  <suite started-at="2024-05-29T12:54:52 IST" name="Default suite" finished-at="2024-05-29T12:56:29 IST" duration-ms="96578">
    <groups>
    </groups>
    <test started-at="2024-05-29T12:54:52 IST" name="Default test" finished-at="2024-05-29T12:56:29 IST" duration-ms="96578">
      <class name="demoTests.PlaywrightDemos">
        <test-method signature="testChrome()[pri:0, instance:demoTests.PlaywrightDemos@55b699ef]" started-at="2024-05-29T12:54:52 IST" name="testChrome" finished-at="2024-05-29T12:56:29 IST" duration-ms="96515" status="PASS">
          <reporter-output>
          </reporter-output>
        </test-method> <!-- testChrome -->
      </class> <!-- demoTests.PlaywrightDemos -->
    </test> <!-- Default test -->
  </suite> <!-- Default suite -->
</testng-results>
