<?xml version="1.0" encoding="UTF-8"?>
<!-- Generated by org.testng.reporters.JUnitXMLReporter -->
<testsuite ignored="4" hostname="K603LTRV" failures="0" tests="1" name="Default test" time="2.973" errors="0" timestamp="2024-04-24T14:28:18 IST">
  <testcase classname="com.example.UserTests" name="schemavalidation" time="2.723"/>
  <testcase classname="com.example.UserTests" name="testUpdateuserByName" time="0.0">
    <ignored/>
  </testcase> <!-- testUpdateuserByName -->
  <testcase classname="com.example.UserTests" name="testDeleteUserByName" time="0.0">
    <ignored/>
  </testcase> <!-- testDeleteUserByName -->
  <testcase classname="com.example.UserTests" name="testGetUserByName" time="0.0">
    <ignored/>
  </testcase> <!-- testGetUserByName -->
  <testcase classname="com.example.UserTests" name="testPostUser" time="0.0">
    <ignored/>
  </testcase> <!-- testPostUser -->
</testsuite> <!-- Default test -->
