<?xml version="1.0" encoding="UTF-8"?>
<!-- Generated by org.testng.reporters.JUnitXMLReporter -->
<testsuite ignored="0" hostname="K548LTRV" failures="0" tests="5" name="Default test" time="6.22" errors="0" timestamp="2024-05-02T14:22:50 IST">
  <testcase classname="ApiTestcases.UserTest" name="createUserTest" time="3.715"/>
  <testcase classname="ApiTestcases.UserTest" name="deleteUserTest" time="0.492"/>
  <testcase classname="ApiTestcases.UserTest" name="getSingleUserByLoginTest" time="0.606"/>
  <testcase classname="ApiTestcases.UserTest" name="getSingleUserByUsernameTest" time="0.577"/>
  <testcase classname="ApiTestcases.UserTest" name="updateUserTest" time="0.752"/>
</testsuite> <!-- Default test -->
