<?xml version="1.0" encoding="UTF-8"?>
<testng-results ignored="0" total="2" passed="2" failed="0" skipped="0">
  <reporter-output>
  </reporter-output>
  <suite started-at="2024-04-16T11:45:28 IST" name="Default suite" finished-at="2024-04-16T11:46:07 IST" duration-ms="39118">
    <groups>
    </groups>
    <test started-at="2024-04-16T11:45:28 IST" name="Default test" finished-at="2024-04-16T11:46:07 IST" duration-ms="39118">
      <class name="workflow.Guru99_Test">
        <test-method is-config="true" signature="openBrowser()[pri:0, instance:workflow.Guru99_Test@1e800aaa]" started-at="2024-04-16T11:45:28 IST" name="openBrowser" finished-at="2024-04-16T11:45:44 IST" duration-ms="16120" status="PASS">
          <reporter-output>
          </reporter-output>
        </test-method> <!-- openBrowser -->
        <test-method signature="telecom_project_page()[pri:1, instance:workflow.Guru99_Test@1e800aaa]" started-at="2024-04-16T11:45:44 IST" name="telecom_project_page" finished-at="2024-04-16T11:45:52 IST" duration-ms="7904" status="PASS">
          <reporter-output>
          </reporter-output>
        </test-method> <!-- telecom_project_page -->
        <test-method signature="add_Customer(java.lang.String,java.lang.String,java.lang.String,java.lang.String)[pri:2, instance:workflow.Guru99_Test@1e800aaa]" started-at="2024-04-16T11:45:53 IST" name="add_Customer" data-provider="ValidData" finished-at="2024-04-16T11:46:07 IST" duration-ms="13662" status="PASS">
          <params>
            <param index="0">
              <value>
                <![CDATA[Abcd]]>
              </value>
            </param>
            <param index="1">
              <value>
                <![CDATA[efg]]>
              </value>
            </param>
            <param index="2">
              <value>
                <![CDATA[abcd@gmail.com]]>
              </value>
            </param>
            <param index="3">
              <value>
                <![CDATA[abcd]]>
              </value>
            </param>
          </params>
          <reporter-output>
          </reporter-output>
        </test-method> <!-- add_Customer -->
      </class> <!-- workflow.Guru99_Test -->
    </test> <!-- Default test -->
  </suite> <!-- Default suite -->
</testng-results>
