<?xml version="1.0" encoding="UTF-8"?>
<!-- Generated by org.testng.reporters.JUnitXMLReporter -->
<testsuite ignored="0" hostname="K589LTRV" failures="0" tests="5" name="Default test" time="8.461" errors="0" timestamp="2024-05-02T10:05:48 IST">
  <testcase classname="APITestcase.BooksTests" name="testPostuser" time="2.942"/>
  <testcase classname="APITestcase.BooksTests" name="testGetuser" time="0.721"/>
  <testcase classname="APITestcase.BooksTests" name="testUpdateuser" time="0.81"/>
  <testcase classname="APITestcase.BooksTests" name="testDeleteUser" time="1.238"/>
  <testcase classname="APITestcase.BooksTests" name="schemavalidation" time="2.185"/>
</testsuite> <!-- Default test -->
