<?xml version="1.0" encoding="UTF-8"?>
<!-- Generated by org.testng.reporters.JUnitXMLReporter -->
<testsuite ignored="0" hostname="K548LTRV" failures="0" tests="4" name="Default test" time="41.289" errors="0" timestamp="2024-05-23T12:45:58 IST">
  <testcase classname="workflow.ContactTest" name="startTest" time="12.483"/>
  <testcase classname="workflow.ContactTest" name="newcontactTest" time="9.156"/>
  <testcase classname="workflow.ContactTest" name="contactcheckTest" time="2.263"/>
  <testcase classname="workflow.ContactTest" name="editcontactTest" time="4.144"/>
</testsuite> <!-- Default test -->
