<?xml version="1.0" encoding="UTF-8"?>
<!-- Generated by org.testng.reporters.JUnitXMLReporter -->
<testsuite ignored="0" hostname="K548LTRV" failures="7" tests="9" name="Test2" time="238.701" errors="0" timestamp="2024-05-09T15:47:36 IST">
  <testcase classname="com.ust.test.HeaderTest$HeaderLink" name="moveToFacialPage" time="11.14"/>
  <testcase classname="com.ust.test.HeaderTest$HeaderLink" name="moveToBodyPage" time="12.776"/>
  <testcase classname="com.ust.test.HeaderTest$HeaderLink" name="moveToHairPage" time="187.502">
    <failure type="org.openqa.selenium.TimeoutException" message="java.util.concurrent.TimeoutException
Build info: version: &amp;apos;4.18.1&amp;apos;, revision: &amp;apos;b1d3319b48&amp;apos;
System info: os.name: &amp;apos;Windows 10&amp;apos;, os.arch: &amp;apos;amd64&amp;apos;, os.version: &amp;apos;10.0&amp;apos;, java.version: &amp;apos;17.0.1&amp;apos;
Driver info: org.openqa.selenium.edge.EdgeDriver
Command: [f15bf94d938365db037ad80adbdeedcb, getCurrentUrl {}]
Capabilities {acceptInsecureCerts: false, browserName: MicrosoftEdge, browserVersion: 124.0.2478.80, fedcm:accounts: true, ms:edgeOptions: {debuggerAddress: localhost:52194}, msedge: {msedgedriverVersion: 124.0.2478.80 (b05b378d1705..., userDataDir: C:\Users\268896\AppData\Loc...}, networkConnectionEnabled: false, pageLoadStrategy: normal, platformName: windows, proxy: Proxy(), se:cdp: ws://localhost:52194/devtoo..., se:cdpVersion: 124.0.2478.80, setWindowRect: true, strictFileInteractability: false, timeouts: {implicit: 0, pageLoad: 300000, script: 30000}, unhandledPromptBehavior: dismiss and notify, webauthn:extension:credBlob: true, webauthn:extension:largeBlob: true, webauthn:extension:minPinLength: true, webauthn:extension:prf: true, webauthn:virtualAuthenticators: true}">
      <![CDATA[org.openqa.selenium.TimeoutException: java.util.concurrent.TimeoutException
Build info: version: '4.18.1', revision: 'b1d3319b48'
System info: os.name: 'Windows 10', os.arch: 'amd64', os.version: '10.0', java.version: '17.0.1'
Driver info: org.openqa.selenium.edge.EdgeDriver
Command: [f15bf94d938365db037ad80adbdeedcb, getCurrentUrl {}]
Capabilities {acceptInsecureCerts: false, browserName: MicrosoftEdge, browserVersion: 124.0.2478.80, fedcm:accounts: true, ms:edgeOptions: {debuggerAddress: localhost:52194}, msedge: {msedgedriverVersion: 124.0.2478.80 (b05b378d1705..., userDataDir: C:\Users\268896\AppData\Loc...}, networkConnectionEnabled: false, pageLoadStrategy: normal, platformName: windows, proxy: Proxy(), se:cdp: ws://localhost:52194/devtoo..., se:cdpVersion: 124.0.2478.80, setWindowRect: true, strictFileInteractability: false, timeouts: {implicit: 0, pageLoad: 300000, script: 30000}, unhandledPromptBehavior: dismiss and notify, webauthn:extension:credBlob: true, webauthn:extension:largeBlob: true, webauthn:extension:minPinLength: true, webauthn:extension:prf: true, webauthn:virtualAuthenticators: true}
at org.openqa.selenium.remote.http.jdk.JdkHttpClient.execute0(JdkHttpClient.java:403)
at org.openqa.selenium.remote.http.AddSeleniumUserAgent.lambda$apply$0(AddSeleniumUserAgent.java:42)
at org.openqa.selenium.remote.http.Filter.lambda$andFinally$1(Filter.java:55)
at org.openqa.selenium.remote.http.jdk.JdkHttpClient.execute(JdkHttpClient.java:359)
at org.openqa.selenium.remote.HttpCommandExecutor.execute(HttpCommandExecutor.java:187)
at org.openqa.selenium.remote.service.DriverCommandExecutor.invokeExecute(DriverCommandExecutor.java:216)
at org.openqa.selenium.remote.service.DriverCommandExecutor.execute(DriverCommandExecutor.java:174)
at org.openqa.selenium.remote.RemoteWebDriver.execute(RemoteWebDriver.java:519)
at org.openqa.selenium.remote.RemoteWebDriver.execute(RemoteWebDriver.java:592)
at org.openqa.selenium.remote.RemoteWebDriver.execute(RemoteWebDriver.java:596)
at org.openqa.selenium.remote.RemoteWebDriver.getCurrentUrl(RemoteWebDriver.java:313)
at com.ust.test.HeaderTest$HeaderLink.moveToHairPage(HeaderTest.java:35)
at java.base/java.util.ArrayList.forEach(ArrayList.java:1511)
at java.base/java.util.concurrent.FutureTask.run(FutureTask.java:264)
at java.base/java.util.concurrent.ThreadPoolExecutor.runWorker(ThreadPoolExecutor.java:1136)
at java.base/java.util.concurrent.ThreadPoolExecutor$Worker.run(ThreadPoolExecutor.java:635)
at java.base/java.lang.Thread.run(Thread.java:833)
Caused by: java.util.concurrent.TimeoutException
at java.base/java.util.concurrent.CompletableFuture.timedGet(CompletableFuture.java:1960)
at java.base/java.util.concurrent.CompletableFuture.get(CompletableFuture.java:2095)
at org.openqa.selenium.remote.http.jdk.JdkHttpClient.execute0(JdkHttpClient.java:386)
... 33 more
... Removed 17 stack frames]]>
    </failure>
  </testcase> <!-- moveToHairPage -->
  <testcase classname="com.ust.test.HeaderTest$HeaderLink" name="moveToFreshPage" time="0.012">
    <failure type="java.lang.AssertionError" message="Test case failed: Session ID is null. Using WebDriver after calling quit()?
Build info: version: &amp;apos;4.18.1&amp;apos;, revision: &amp;apos;b1d3319b48&amp;apos;
System info: os.name: &amp;apos;Windows 10&amp;apos;, os.arch: &amp;apos;amd64&amp;apos;, os.version: &amp;apos;10.0&amp;apos;, java.version: &amp;apos;17.0.1&amp;apos;
Driver info: org.openqa.selenium.edge.EdgeDriver
Command: [null, findElement {value=//a[text()=&amp;apos;Fresh&amp;apos;], using=xpath}]
Capabilities {acceptInsecureCerts: false, browserName: MicrosoftEdge, browserVersion: 124.0.2478.80, fedcm:accounts: true, ms:edgeOptions: {debuggerAddress: localhost:52194}, msedge: {msedgedriverVersion: 124.0.2478.80 (b05b378d1705..., userDataDir: C:\Users\268896\AppData\Loc...}, networkConnectionEnabled: false, pageLoadStrategy: normal, platformName: windows, proxy: Proxy(), se:cdp: ws://localhost:52194/devtoo..., se:cdpVersion: 124.0.2478.80, setWindowRect: true, strictFileInteractability: false, timeouts: {implicit: 0, pageLoad: 300000, script: 30000}, unhandledPromptBehavior: dismiss and notify, webauthn:extension:credBlob: true, webauthn:extension:largeBlob: true, webauthn:extension:minPinLength: true, webauthn:extension:prf: true, webauthn:virtualAuthenticators: true}">
      <![CDATA[java.lang.AssertionError: Test case failed: Session ID is null. Using WebDriver after calling quit()?
Build info: version: '4.18.1', revision: 'b1d3319b48'
System info: os.name: 'Windows 10', os.arch: 'amd64', os.version: '10.0', java.version: '17.0.1'
Driver info: org.openqa.selenium.edge.EdgeDriver
Command: [null, findElement {value=//a[text()='Fresh'], using=xpath}]
Capabilities {acceptInsecureCerts: false, browserName: MicrosoftEdge, browserVersion: 124.0.2478.80, fedcm:accounts: true, ms:edgeOptions: {debuggerAddress: localhost:52194}, msedge: {msedgedriverVersion: 124.0.2478.80 (b05b378d1705..., userDataDir: C:\Users\268896\AppData\Loc...}, networkConnectionEnabled: false, pageLoadStrategy: normal, platformName: windows, proxy: Proxy(), se:cdp: ws://localhost:52194/devtoo..., se:cdpVersion: 124.0.2478.80, setWindowRect: true, strictFileInteractability: false, timeouts: {implicit: 0, pageLoad: 300000, script: 30000}, unhandledPromptBehavior: dismiss and notify, webauthn:extension:credBlob: true, webauthn:extension:largeBlob: true, webauthn:extension:minPinLength: true, webauthn:extension:prf: true, webauthn:virtualAuthenticators: true}
at com.ust.base.ReusableFunctions.reportFail(ReusableFunctions.java:320)
at com.ust.base.ReusableFunctions.clickJS(ReusableFunctions.java:259)
at com.ust.pom.HomePage.clickFresh(HomePage.java:275)
at com.ust.test.HeaderTest$HeaderLink.moveToFreshPage(HeaderTest.java:42)
at java.base/java.util.ArrayList.forEach(ArrayList.java:1511)
at java.base/java.util.concurrent.FutureTask.run(FutureTask.java:264)
at java.base/java.util.concurrent.ThreadPoolExecutor.runWorker(ThreadPoolExecutor.java:1136)
at java.base/java.util.concurrent.ThreadPoolExecutor$Worker.run(ThreadPoolExecutor.java:635)
at java.base/java.lang.Thread.run(Thread.java:833)
... Removed 18 stack frames]]>
    </failure>
  </testcase> <!-- moveToFreshPage -->
  <testcase classname="com.ust.test.HeaderTest$HeaderLink" name="moveToMakeupPage" time="0.01">
    <failure type="java.lang.AssertionError" message="Test case failed: Session ID is null. Using WebDriver after calling quit()?
Build info: version: &amp;apos;4.18.1&amp;apos;, revision: &amp;apos;b1d3319b48&amp;apos;
System info: os.name: &amp;apos;Windows 10&amp;apos;, os.arch: &amp;apos;amd64&amp;apos;, os.version: &amp;apos;10.0&amp;apos;, java.version: &amp;apos;17.0.1&amp;apos;
Driver info: org.openqa.selenium.edge.EdgeDriver
Command: [null, findElement {value=//a[text()=&amp;apos;Fresh&amp;apos;], using=xpath}]
Capabilities {acceptInsecureCerts: false, browserName: MicrosoftEdge, browserVersion: 124.0.2478.80, fedcm:accounts: true, ms:edgeOptions: {debuggerAddress: localhost:52194}, msedge: {msedgedriverVersion: 124.0.2478.80 (b05b378d1705..., userDataDir: C:\Users\268896\AppData\Loc...}, networkConnectionEnabled: false, pageLoadStrategy: normal, platformName: windows, proxy: Proxy(), se:cdp: ws://localhost:52194/devtoo..., se:cdpVersion: 124.0.2478.80, setWindowRect: true, strictFileInteractability: false, timeouts: {implicit: 0, pageLoad: 300000, script: 30000}, unhandledPromptBehavior: dismiss and notify, webauthn:extension:credBlob: true, webauthn:extension:largeBlob: true, webauthn:extension:minPinLength: true, webauthn:extension:prf: true, webauthn:virtualAuthenticators: true}">
      <![CDATA[java.lang.AssertionError: Test case failed: Session ID is null. Using WebDriver after calling quit()?
Build info: version: '4.18.1', revision: 'b1d3319b48'
System info: os.name: 'Windows 10', os.arch: 'amd64', os.version: '10.0', java.version: '17.0.1'
Driver info: org.openqa.selenium.edge.EdgeDriver
Command: [null, findElement {value=//a[text()='Fresh'], using=xpath}]
Capabilities {acceptInsecureCerts: false, browserName: MicrosoftEdge, browserVersion: 124.0.2478.80, fedcm:accounts: true, ms:edgeOptions: {debuggerAddress: localhost:52194}, msedge: {msedgedriverVersion: 124.0.2478.80 (b05b378d1705..., userDataDir: C:\Users\268896\AppData\Loc...}, networkConnectionEnabled: false, pageLoadStrategy: normal, platformName: windows, proxy: Proxy(), se:cdp: ws://localhost:52194/devtoo..., se:cdpVersion: 124.0.2478.80, setWindowRect: true, strictFileInteractability: false, timeouts: {implicit: 0, pageLoad: 300000, script: 30000}, unhandledPromptBehavior: dismiss and notify, webauthn:extension:credBlob: true, webauthn:extension:largeBlob: true, webauthn:extension:minPinLength: true, webauthn:extension:prf: true, webauthn:virtualAuthenticators: true}
at com.ust.base.ReusableFunctions.reportFail(ReusableFunctions.java:320)
at com.ust.base.ReusableFunctions.clickJS(ReusableFunctions.java:259)
at com.ust.pom.HomePage.clickFresh(HomePage.java:275)
at com.ust.test.HeaderTest$HeaderLink.moveToMakeupPage(HeaderTest.java:50)
at java.base/java.util.ArrayList.forEach(ArrayList.java:1511)
at java.base/java.util.concurrent.FutureTask.run(FutureTask.java:264)
at java.base/java.util.concurrent.ThreadPoolExecutor.runWorker(ThreadPoolExecutor.java:1136)
at java.base/java.util.concurrent.ThreadPoolExecutor$Worker.run(ThreadPoolExecutor.java:635)
at java.base/java.lang.Thread.run(Thread.java:833)
... Removed 18 stack frames]]>
    </failure>
  </testcase> <!-- moveToMakeupPage -->
  <testcase classname="com.ust.test.HeaderTest$HeaderLink" name="moveToGiftPage" time="0.009">
    <failure type="java.lang.AssertionError" message="Test case failed: Session ID is null. Using WebDriver after calling quit()?
Build info: version: &amp;apos;4.18.1&amp;apos;, revision: &amp;apos;b1d3319b48&amp;apos;
System info: os.name: &amp;apos;Windows 10&amp;apos;, os.arch: &amp;apos;amd64&amp;apos;, os.version: &amp;apos;10.0&amp;apos;, java.version: &amp;apos;17.0.1&amp;apos;
Driver info: org.openqa.selenium.edge.EdgeDriver
Command: [null, findElement {value=//a[text()=&amp;apos;Gifting&amp;apos;], using=xpath}]
Capabilities {acceptInsecureCerts: false, browserName: MicrosoftEdge, browserVersion: 124.0.2478.80, fedcm:accounts: true, ms:edgeOptions: {debuggerAddress: localhost:52194}, msedge: {msedgedriverVersion: 124.0.2478.80 (b05b378d1705..., userDataDir: C:\Users\268896\AppData\Loc...}, networkConnectionEnabled: false, pageLoadStrategy: normal, platformName: windows, proxy: Proxy(), se:cdp: ws://localhost:52194/devtoo..., se:cdpVersion: 124.0.2478.80, setWindowRect: true, strictFileInteractability: false, timeouts: {implicit: 0, pageLoad: 300000, script: 30000}, unhandledPromptBehavior: dismiss and notify, webauthn:extension:credBlob: true, webauthn:extension:largeBlob: true, webauthn:extension:minPinLength: true, webauthn:extension:prf: true, webauthn:virtualAuthenticators: true}">
      <![CDATA[java.lang.AssertionError: Test case failed: Session ID is null. Using WebDriver after calling quit()?
Build info: version: '4.18.1', revision: 'b1d3319b48'
System info: os.name: 'Windows 10', os.arch: 'amd64', os.version: '10.0', java.version: '17.0.1'
Driver info: org.openqa.selenium.edge.EdgeDriver
Command: [null, findElement {value=//a[text()='Gifting'], using=xpath}]
Capabilities {acceptInsecureCerts: false, browserName: MicrosoftEdge, browserVersion: 124.0.2478.80, fedcm:accounts: true, ms:edgeOptions: {debuggerAddress: localhost:52194}, msedge: {msedgedriverVersion: 124.0.2478.80 (b05b378d1705..., userDataDir: C:\Users\268896\AppData\Loc...}, networkConnectionEnabled: false, pageLoadStrategy: normal, platformName: windows, proxy: Proxy(), se:cdp: ws://localhost:52194/devtoo..., se:cdpVersion: 124.0.2478.80, setWindowRect: true, strictFileInteractability: false, timeouts: {implicit: 0, pageLoad: 300000, script: 30000}, unhandledPromptBehavior: dismiss and notify, webauthn:extension:credBlob: true, webauthn:extension:largeBlob: true, webauthn:extension:minPinLength: true, webauthn:extension:prf: true, webauthn:virtualAuthenticators: true}
at com.ust.base.ReusableFunctions.reportFail(ReusableFunctions.java:320)
at com.ust.base.ReusableFunctions.clickJS(ReusableFunctions.java:259)
at com.ust.pom.HomePage.clickGift(HomePage.java:283)
at com.ust.test.HeaderTest$HeaderLink.moveToGiftPage(HeaderTest.java:58)
at java.base/java.util.ArrayList.forEach(ArrayList.java:1511)
at java.base/java.util.concurrent.FutureTask.run(FutureTask.java:264)
at java.base/java.util.concurrent.ThreadPoolExecutor.runWorker(ThreadPoolExecutor.java:1136)
at java.base/java.util.concurrent.ThreadPoolExecutor$Worker.run(ThreadPoolExecutor.java:635)
at java.base/java.lang.Thread.run(Thread.java:833)
... Removed 18 stack frames]]>
    </failure>
  </testcase> <!-- moveToGiftPage -->
  <testcase classname="com.ust.test.HeaderTest$HeaderLink" name="moveToTravelPage" time="0.005">
    <failure type="java.lang.AssertionError" message="Test case failed: Session ID is null. Using WebDriver after calling quit()?
Build info: version: &amp;apos;4.18.1&amp;apos;, revision: &amp;apos;b1d3319b48&amp;apos;
System info: os.name: &amp;apos;Windows 10&amp;apos;, os.arch: &amp;apos;amd64&amp;apos;, os.version: &amp;apos;10.0&amp;apos;, java.version: &amp;apos;17.0.1&amp;apos;
Driver info: org.openqa.selenium.edge.EdgeDriver
Command: [null, findElement {value=//a[text()=&amp;apos;Travel Minis&amp;apos;], using=xpath}]
Capabilities {acceptInsecureCerts: false, browserName: MicrosoftEdge, browserVersion: 124.0.2478.80, fedcm:accounts: true, ms:edgeOptions: {debuggerAddress: localhost:52194}, msedge: {msedgedriverVersion: 124.0.2478.80 (b05b378d1705..., userDataDir: C:\Users\268896\AppData\Loc...}, networkConnectionEnabled: false, pageLoadStrategy: normal, platformName: windows, proxy: Proxy(), se:cdp: ws://localhost:52194/devtoo..., se:cdpVersion: 124.0.2478.80, setWindowRect: true, strictFileInteractability: false, timeouts: {implicit: 0, pageLoad: 300000, script: 30000}, unhandledPromptBehavior: dismiss and notify, webauthn:extension:credBlob: true, webauthn:extension:largeBlob: true, webauthn:extension:minPinLength: true, webauthn:extension:prf: true, webauthn:virtualAuthenticators: true}">
      <![CDATA[java.lang.AssertionError: Test case failed: Session ID is null. Using WebDriver after calling quit()?
Build info: version: '4.18.1', revision: 'b1d3319b48'
System info: os.name: 'Windows 10', os.arch: 'amd64', os.version: '10.0', java.version: '17.0.1'
Driver info: org.openqa.selenium.edge.EdgeDriver
Command: [null, findElement {value=//a[text()='Travel Minis'], using=xpath}]
Capabilities {acceptInsecureCerts: false, browserName: MicrosoftEdge, browserVersion: 124.0.2478.80, fedcm:accounts: true, ms:edgeOptions: {debuggerAddress: localhost:52194}, msedge: {msedgedriverVersion: 124.0.2478.80 (b05b378d1705..., userDataDir: C:\Users\268896\AppData\Loc...}, networkConnectionEnabled: false, pageLoadStrategy: normal, platformName: windows, proxy: Proxy(), se:cdp: ws://localhost:52194/devtoo..., se:cdpVersion: 124.0.2478.80, setWindowRect: true, strictFileInteractability: false, timeouts: {implicit: 0, pageLoad: 300000, script: 30000}, unhandledPromptBehavior: dismiss and notify, webauthn:extension:credBlob: true, webauthn:extension:largeBlob: true, webauthn:extension:minPinLength: true, webauthn:extension:prf: true, webauthn:virtualAuthenticators: true}
at com.ust.base.ReusableFunctions.reportFail(ReusableFunctions.java:320)
at com.ust.base.ReusableFunctions.clickJS(ReusableFunctions.java:259)
at com.ust.pom.HomePage.clickTravel(HomePage.java:287)
at com.ust.test.HeaderTest$HeaderLink.moveToTravelPage(HeaderTest.java:66)
at java.base/java.util.ArrayList.forEach(ArrayList.java:1511)
at java.base/java.util.concurrent.FutureTask.run(FutureTask.java:264)
at java.base/java.util.concurrent.ThreadPoolExecutor.runWorker(ThreadPoolExecutor.java:1136)
at java.base/java.util.concurrent.ThreadPoolExecutor$Worker.run(ThreadPoolExecutor.java:635)
at java.base/java.lang.Thread.run(Thread.java:833)
... Removed 18 stack frames]]>
    </failure>
  </testcase> <!-- moveToTravelPage -->
  <testcase classname="com.ust.test.HeaderTest$HeaderLink" name="moveToBabyPage" time="0.005">
    <failure type="java.lang.AssertionError" message="Test case failed: Session ID is null. Using WebDriver after calling quit()?
Build info: version: &amp;apos;4.18.1&amp;apos;, revision: &amp;apos;b1d3319b48&amp;apos;
System info: os.name: &amp;apos;Windows 10&amp;apos;, os.arch: &amp;apos;amd64&amp;apos;, os.version: &amp;apos;10.0&amp;apos;, java.version: &amp;apos;17.0.1&amp;apos;
Driver info: org.openqa.selenium.edge.EdgeDriver
Command: [null, findElement {value=//a[text()=&amp;apos;Mom &amp;amp; Baby&amp;apos;], using=xpath}]
Capabilities {acceptInsecureCerts: false, browserName: MicrosoftEdge, browserVersion: 124.0.2478.80, fedcm:accounts: true, ms:edgeOptions: {debuggerAddress: localhost:52194}, msedge: {msedgedriverVersion: 124.0.2478.80 (b05b378d1705..., userDataDir: C:\Users\268896\AppData\Loc...}, networkConnectionEnabled: false, pageLoadStrategy: normal, platformName: windows, proxy: Proxy(), se:cdp: ws://localhost:52194/devtoo..., se:cdpVersion: 124.0.2478.80, setWindowRect: true, strictFileInteractability: false, timeouts: {implicit: 0, pageLoad: 300000, script: 30000}, unhandledPromptBehavior: dismiss and notify, webauthn:extension:credBlob: true, webauthn:extension:largeBlob: true, webauthn:extension:minPinLength: true, webauthn:extension:prf: true, webauthn:virtualAuthenticators: true}">
      <![CDATA[java.lang.AssertionError: Test case failed: Session ID is null. Using WebDriver after calling quit()?
Build info: version: '4.18.1', revision: 'b1d3319b48'
System info: os.name: 'Windows 10', os.arch: 'amd64', os.version: '10.0', java.version: '17.0.1'
Driver info: org.openqa.selenium.edge.EdgeDriver
Command: [null, findElement {value=//a[text()='Mom & Baby'], using=xpath}]
Capabilities {acceptInsecureCerts: false, browserName: MicrosoftEdge, browserVersion: 124.0.2478.80, fedcm:accounts: true, ms:edgeOptions: {debuggerAddress: localhost:52194}, msedge: {msedgedriverVersion: 124.0.2478.80 (b05b378d1705..., userDataDir: C:\Users\268896\AppData\Loc...}, networkConnectionEnabled: false, pageLoadStrategy: normal, platformName: windows, proxy: Proxy(), se:cdp: ws://localhost:52194/devtoo..., se:cdpVersion: 124.0.2478.80, setWindowRect: true, strictFileInteractability: false, timeouts: {implicit: 0, pageLoad: 300000, script: 30000}, unhandledPromptBehavior: dismiss and notify, webauthn:extension:credBlob: true, webauthn:extension:largeBlob: true, webauthn:extension:minPinLength: true, webauthn:extension:prf: true, webauthn:virtualAuthenticators: true}
at com.ust.base.ReusableFunctions.reportFail(ReusableFunctions.java:320)
at com.ust.base.ReusableFunctions.clickJS(ReusableFunctions.java:259)
at com.ust.pom.HomePage.clickBaby(HomePage.java:291)
at com.ust.test.HeaderTest$HeaderLink.moveToBabyPage(HeaderTest.java:74)
at java.base/java.util.ArrayList.forEach(ArrayList.java:1511)
at java.base/java.util.concurrent.FutureTask.run(FutureTask.java:264)
at java.base/java.util.concurrent.ThreadPoolExecutor.runWorker(ThreadPoolExecutor.java:1136)
at java.base/java.util.concurrent.ThreadPoolExecutor$Worker.run(ThreadPoolExecutor.java:635)
at java.base/java.lang.Thread.run(Thread.java:833)
... Removed 18 stack frames]]>
    </failure>
  </testcase> <!-- moveToBabyPage -->
  <testcase classname="com.ust.test.HeaderTest$HeaderLink" name="moveToMenPage" time="0.008">
    <failure type="java.lang.AssertionError" message="Test case failed: Session ID is null. Using WebDriver after calling quit()?
Build info: version: &amp;apos;4.18.1&amp;apos;, revision: &amp;apos;b1d3319b48&amp;apos;
System info: os.name: &amp;apos;Windows 10&amp;apos;, os.arch: &amp;apos;amd64&amp;apos;, os.version: &amp;apos;10.0&amp;apos;, java.version: &amp;apos;17.0.1&amp;apos;
Driver info: org.openqa.selenium.edge.EdgeDriver
Command: [null, findElement {value=//a[text()=&amp;apos;Men&amp;apos;], using=xpath}]
Capabilities {acceptInsecureCerts: false, browserName: MicrosoftEdge, browserVersion: 124.0.2478.80, fedcm:accounts: true, ms:edgeOptions: {debuggerAddress: localhost:52194}, msedge: {msedgedriverVersion: 124.0.2478.80 (b05b378d1705..., userDataDir: C:\Users\268896\AppData\Loc...}, networkConnectionEnabled: false, pageLoadStrategy: normal, platformName: windows, proxy: Proxy(), se:cdp: ws://localhost:52194/devtoo..., se:cdpVersion: 124.0.2478.80, setWindowRect: true, strictFileInteractability: false, timeouts: {implicit: 0, pageLoad: 300000, script: 30000}, unhandledPromptBehavior: dismiss and notify, webauthn:extension:credBlob: true, webauthn:extension:largeBlob: true, webauthn:extension:minPinLength: true, webauthn:extension:prf: true, webauthn:virtualAuthenticators: true}">
      <![CDATA[java.lang.AssertionError: Test case failed: Session ID is null. Using WebDriver after calling quit()?
Build info: version: '4.18.1', revision: 'b1d3319b48'
System info: os.name: 'Windows 10', os.arch: 'amd64', os.version: '10.0', java.version: '17.0.1'
Driver info: org.openqa.selenium.edge.EdgeDriver
Command: [null, findElement {value=//a[text()='Men'], using=xpath}]
Capabilities {acceptInsecureCerts: false, browserName: MicrosoftEdge, browserVersion: 124.0.2478.80, fedcm:accounts: true, ms:edgeOptions: {debuggerAddress: localhost:52194}, msedge: {msedgedriverVersion: 124.0.2478.80 (b05b378d1705..., userDataDir: C:\Users\268896\AppData\Loc...}, networkConnectionEnabled: false, pageLoadStrategy: normal, platformName: windows, proxy: Proxy(), se:cdp: ws://localhost:52194/devtoo..., se:cdpVersion: 124.0.2478.80, setWindowRect: true, strictFileInteractability: false, timeouts: {implicit: 0, pageLoad: 300000, script: 30000}, unhandledPromptBehavior: dismiss and notify, webauthn:extension:credBlob: true, webauthn:extension:largeBlob: true, webauthn:extension:minPinLength: true, webauthn:extension:prf: true, webauthn:virtualAuthenticators: true}
at com.ust.base.ReusableFunctions.reportFail(ReusableFunctions.java:320)
at com.ust.base.ReusableFunctions.clickJS(ReusableFunctions.java:259)
at com.ust.pom.HomePage.clickMen(HomePage.java:295)
at com.ust.test.HeaderTest$HeaderLink.moveToMenPage(HeaderTest.java:82)
at java.base/java.util.ArrayList.forEach(ArrayList.java:1511)
at java.base/java.util.concurrent.FutureTask.run(FutureTask.java:264)
at java.base/java.util.concurrent.ThreadPoolExecutor.runWorker(ThreadPoolExecutor.java:1136)
at java.base/java.util.concurrent.ThreadPoolExecutor$Worker.run(ThreadPoolExecutor.java:635)
at java.base/java.lang.Thread.run(Thread.java:833)
... Removed 18 stack frames]]>
    </failure>
  </testcase> <!-- moveToMenPage -->
</testsuite> <!-- Test2 -->
