<?xml version="1.0" encoding="UTF-8"?>
<!-- Generated by org.testng.reporters.JUnitXMLReporter -->
<testsuite ignored="0" hostname="K548LTRV" failures="0" tests="4" name="Test" time="44.945" errors="0" timestamp="2024-05-09T15:46:22 IST">
  <testcase classname="com.ust.test.FooterLinkTest" name="moveToAboutUs" time="13.543"/>
  <testcase classname="com.ust.test.FooterLinkTest" name="moveToPolicies" time="6.527"/>
  <testcase classname="com.ust.test.FooterLinkTest" name="moveToCustomizePage" time="9.863"/>
  <testcase classname="com.ust.test.FooterLinkTest" name="move_to_home" time="3.109"/>
</testsuite> <!-- Test -->
