<?xml version="1.0" encoding="UTF-8"?>
<!-- Generated by org.testng.reporters.JUnitXMLReporter -->
<testsuite ignored="0" hostname="K548LTRV" failures="0" tests="3" name="Test1" time="0.571" errors="0" timestamp="2024-05-07T16:19:31 IST">
  <testcase classname="com.ust.test.Sign_UpTest" name="checkAccountPage" time="0.0">
    <skipped/>
  </testcase> <!-- checkAccountPage -->
  <testcase classname="com.ust.test.Sign_UpTest" name="checkSignUpPage" time="0.0">
    <skipped/>
  </testcase> <!-- checkSignUpPage -->
  <testcase classname="com.ust.test.Sign_UpTest" name="validSignUp" time="0.001">
    <skipped/>
  </testcase> <!-- validSignUp -->
</testsuite> <!-- Test1 -->
