<?xml version="1.0" encoding="UTF-8"?>
<testng-results ignored="4" total="5" passed="1" failed="0" skipped="0">
  <reporter-output>
  </reporter-output>
  <suite started-at="2024-04-24T14:28:15 IST" name="Default suite" finished-at="2024-04-24T14:28:18 IST" duration-ms="2973">
    <groups>
    </groups>
    <test started-at="2024-04-24T14:28:15 IST" name="Default test" finished-at="2024-04-24T14:28:18 IST" duration-ms="2973">
      <class name="com.example.UserTests">
        <test-method is-config="true" signature="setup()[pri:0, instance:com.example.UserTests@47e2e487]" started-at="2024-04-24T14:28:15 IST" name="setup" finished-at="2024-04-24T14:28:15 IST" duration-ms="218" status="PASS">
          <reporter-output>
          </reporter-output>
        </test-method> <!-- setup -->
        <test-method signature="schemavalidation()[pri:5, instance:com.example.UserTests@47e2e487]" started-at="2024-04-24T14:28:15 IST" name="schemavalidation" finished-at="2024-04-24T14:28:18 IST" duration-ms="2723" status="PASS">
          <reporter-output>
          </reporter-output>
        </test-method> <!-- schemavalidation -->
      </class> <!-- com.example.UserTests -->
    </test> <!-- Default test -->
  </suite> <!-- Default suite -->
</testng-results>
