<?xml version="1.0" encoding="UTF-8"?>
<testng-results ignored="0" total="6" passed="6" failed="0" skipped="0">
  <reporter-output>
  </reporter-output>
  <suite started-at="2024-05-08T17:20:41 IST" name="Default suite" finished-at="2024-05-08T17:20:43 IST" duration-ms="2061">
    <groups>
    </groups>
    <test started-at="2024-05-08T17:20:41 IST" name="Default test" finished-at="2024-05-08T17:20:43 IST" duration-ms="2061">
      <class name="tests.BooksApiTest">
        <test-method signature="getSingleBook()[pri:1, instance:tests.BooksApiTest@f627d13]" started-at="2024-05-08T17:20:41 IST" name="getSingleBook" finished-at="2024-05-08T17:20:42 IST" duration-ms="1288" status="PASS">
          <reporter-output>
          </reporter-output>
        </test-method> <!-- getSingleBook -->
        <test-method signature="getAllBooks()[pri:2, instance:tests.BooksApiTest@f627d13]" started-at="2024-05-08T17:20:42 IST" name="getAllBooks" finished-at="2024-05-08T17:20:43 IST" duration-ms="34" status="PASS">
          <reporter-output>
          </reporter-output>
        </test-method> <!-- getAllBooks -->
        <test-method signature="postBook()[pri:3, instance:tests.BooksApiTest@f627d13]" started-at="2024-05-08T17:20:43 IST" name="postBook" finished-at="2024-05-08T17:20:43 IST" duration-ms="354" status="PASS">
          <reporter-output>
          </reporter-output>
        </test-method> <!-- postBook -->
        <test-method signature="patchBook()[pri:5, instance:tests.BooksApiTest@f627d13]" started-at="2024-05-08T17:20:43 IST" name="patchBook" finished-at="2024-05-08T17:20:43 IST" duration-ms="35" status="PASS">
          <reporter-output>
          </reporter-output>
        </test-method> <!-- patchBook -->
        <test-method signature="putBook()[pri:5, instance:tests.BooksApiTest@f627d13]" started-at="2024-05-08T17:20:43 IST" name="putBook" finished-at="2024-05-08T17:20:43 IST" duration-ms="28" status="PASS">
          <reporter-output>
          </reporter-output>
        </test-method> <!-- putBook -->
        <test-method signature="deleteBook()[pri:6, instance:tests.BooksApiTest@f627d13]" started-at="2024-05-08T17:20:43 IST" name="deleteBook" finished-at="2024-05-08T17:20:43 IST" duration-ms="27" status="PASS">
          <reporter-output>
          </reporter-output>
        </test-method> <!-- deleteBook -->
      </class> <!-- tests.BooksApiTest -->
    </test> <!-- Default test -->
  </suite> <!-- Default suite -->
</testng-results>
