<?xml version="1.0" encoding="UTF-8"?>
<testng-results ignored="0" total="1" passed="1" failed="0" skipped="0">
  <reporter-output>
  </reporter-output>
  <suite started-at="2024-06-11T11:52:58 IST" name="Default suite" finished-at="2024-06-11T11:53:47 IST" duration-ms="48118">
    <groups>
      <group name="cucumber">
        <method signature="AbstractTestNGCucumberTests.runScenario(io.cucumber.testng.PickleWrapper,io.cucumber.testng.FeatureWrapper)[pri:0, instance:com.ust.testrunner.TestRunner@2aceadd4]" name="runScenario" class="io.cucumber.testng.AbstractTestNGCucumberTests"/>
      </group> <!-- cucumber -->
    </groups>
    <test started-at="2024-06-11T11:52:58 IST" name="Default test" finished-at="2024-06-11T11:53:47 IST" duration-ms="48118">
      <class name="com.ust.testrunner.TestRunner">
        <test-method is-config="true" signature="setUpClass(org.testng.ITestContext)[pri:0, instance:com.ust.testrunner.TestRunner@2aceadd4]" started-at="2024-06-11T11:52:58 IST" name="setUpClass" finished-at="2024-06-11T11:53:00 IST" duration-ms="1164" status="PASS">
          <params>
            <param index="0">
              <value>
                <![CDATA[org.testng.TestRunner@1132baa3]]>
              </value>
            </param>
          </params>
          <reporter-output>
          </reporter-output>
        </test-method> <!-- setUpClass -->
        <test-method signature="runScenario(io.cucumber.testng.PickleWrapper,io.cucumber.testng.FeatureWrapper)[pri:0, instance:com.ust.testrunner.TestRunner@2aceadd4]" started-at="2024-06-11T11:53:00 IST" name="runScenario" description="Runs Cucumber Scenarios" data-provider="scenarios" finished-at="2024-06-11T11:53:44 IST" duration-ms="44718" status="PASS">
          <params>
            <param index="0">
              <value>
                <![CDATA["Carting"]]>
              </value>
            </param>
            <param index="1">
              <value>
                <![CDATA["Add to Cart"]]>
              </value>
            </param>
          </params>
          <reporter-output>
          </reporter-output>
        </test-method> <!-- runScenario -->
        <test-method is-config="true" signature="tearDownClass()[pri:0, instance:com.ust.testrunner.TestRunner@2aceadd4]" started-at="2024-06-11T11:53:44 IST" name="tearDownClass" finished-at="2024-06-11T11:53:47 IST" duration-ms="2175" status="PASS">
          <reporter-output>
          </reporter-output>
        </test-method> <!-- tearDownClass -->
      </class> <!-- com.ust.testrunner.TestRunner -->
    </test> <!-- Default test -->
  </suite> <!-- Default suite -->
</testng-results>
