<?xml version="1.0" encoding="UTF-8"?>
<!-- Generated by org.testng.reporters.JUnitXMLReporter -->
<testsuite ignored="0" hostname="K548LTRV" failures="0" tests="6" name="Default test" time="2.061" errors="0" timestamp="2024-05-08T17:20:43 IST">
  <testcase classname="tests.BooksApiTest" name="getSingleBook" time="1.288"/>
  <testcase classname="tests.BooksApiTest" name="getAllBooks" time="0.034"/>
  <testcase classname="tests.BooksApiTest" name="postBook" time="0.354"/>
  <testcase classname="tests.BooksApiTest" name="patchBook" time="0.035"/>
  <testcase classname="tests.BooksApiTest" name="putBook" time="0.028"/>
  <testcase classname="tests.BooksApiTest" name="deleteBook" time="0.027"/>
</testsuite> <!-- Default test -->
