<?xml version="1.0" encoding="UTF-8"?>
<testng-results ignored="0" total="5" passed="5" failed="0" skipped="0">
  <reporter-output>
  </reporter-output>
  <suite started-at="2024-05-02T10:05:40 IST" name="Default suite" finished-at="2024-05-02T10:05:48 IST" duration-ms="8461">
    <groups>
    </groups>
    <test started-at="2024-05-02T10:05:40 IST" name="Default test" finished-at="2024-05-02T10:05:48 IST" duration-ms="8461">
      <class name="APITestcase.BooksTests">
        <test-method is-config="true" signature="setup()[pri:0, instance:APITestcase.BooksTests@60015ef5]" started-at="2024-05-02T10:05:40 IST" name="setup" finished-at="2024-05-02T10:05:40 IST" duration-ms="218" status="PASS">
          <reporter-output>
          </reporter-output>
        </test-method> <!-- setup -->
        <test-method signature="testPostuser()[pri:1, instance:APITestcase.BooksTests@60015ef5]" started-at="2024-05-02T10:05:40 IST" name="testPostuser" finished-at="2024-05-02T10:05:43 IST" duration-ms="2942" status="PASS">
          <reporter-output>
          </reporter-output>
        </test-method> <!-- testPostuser -->
        <test-method signature="testGetuser()[pri:2, instance:APITestcase.BooksTests@60015ef5]" started-at="2024-05-02T10:05:43 IST" name="testGetuser" finished-at="2024-05-02T10:05:44 IST" duration-ms="721" status="PASS">
          <reporter-output>
          </reporter-output>
        </test-method> <!-- testGetuser -->
        <test-method signature="testUpdateuser()[pri:3, instance:APITestcase.BooksTests@60015ef5]" started-at="2024-05-02T10:05:44 IST" name="testUpdateuser" finished-at="2024-05-02T10:05:45 IST" duration-ms="810" status="PASS">
          <reporter-output>
          </reporter-output>
        </test-method> <!-- testUpdateuser -->
        <test-method signature="testDeleteUser()[pri:4, instance:APITestcase.BooksTests@60015ef5]" started-at="2024-05-02T10:05:45 IST" name="testDeleteUser" finished-at="2024-05-02T10:05:46 IST" duration-ms="1238" status="PASS">
          <reporter-output>
          </reporter-output>
        </test-method> <!-- testDeleteUser -->
        <test-method signature="schemavalidation()[pri:5, instance:APITestcase.BooksTests@60015ef5]" started-at="2024-05-02T10:05:46 IST" name="schemavalidation" finished-at="2024-05-02T10:05:48 IST" duration-ms="2185" status="PASS">
          <reporter-output>
          </reporter-output>
        </test-method> <!-- schemavalidation -->
      </class> <!-- APITestcase.BooksTests -->
    </test> <!-- Default test -->
  </suite> <!-- Default suite -->
</testng-results>
