<?xml version="1.0" encoding="UTF-8"?>
<!-- Generated by org.testng.reporters.JUnitReportReporter -->
<testsuite hostname="K548LTRV" failures="1" tests="1" name="runner.TestRunner" time="13.604" errors="0" timestamp="2024-04-18T12:12:14 IST" skipped="0">
  <testcase classname="runner.TestRunner" name="runScenario" time="13.604">
    <failure message="expected [Deposit Successfull] but found [Deposit Successful]" type="java.lang.AssertionError">
      <![CDATA[java.lang.AssertionError: expected [Deposit Successfull] but found [Deposit Successful]
at org.testng.Assert.fail(Assert.java:111)
at org.testng.Assert.failNotEquals(Assert.java:1578)
at org.testng.Assert.assertEqualsImpl(Assert.java:150)
at org.testng.Assert.assertEquals(Assert.java:132)
at org.testng.Assert.assertEquals(Assert.java:656)
at org.testng.Assert.assertEquals(Assert.java:666)
at stepdefinitions.CustomerLogin_Test.check_whether_the_money_has_been_credited(CustomerLogin_Test.java:52)
at ✽.Check whether the money has been credited(file:///C:/Users/268896/eclipse-workspace/XYZbank/src/test/resources/features/CustomerLogin.feature:29)
]]>
    </failure>
  </testcase> <!-- runScenario -->
</testsuite> <!-- runner.TestRunner -->
