<?xml version="1.0" encoding="UTF-8"?>
<testng-results ignored="0" total="4" passed="4" failed="0" skipped="0">
  <reporter-output>
  </reporter-output>
  <suite started-at="2024-05-27T17:39:36 IST" name="Default suite" finished-at="2024-05-27T17:40:06 IST" duration-ms="30259">
    <groups>
    </groups>
    <test started-at="2024-05-27T17:39:36 IST" name="Default test" finished-at="2024-05-27T17:40:06 IST" duration-ms="30259">
      <class name="ust.test.ApptimerTest">
        <test-method is-config="true" signature="setup()[pri:0, instance:ust.test.ApptimerTest@3e694b3f]" started-at="2024-05-27T17:39:36 IST" name="setup" finished-at="2024-05-27T17:39:50 IST" duration-ms="13740" status="PASS">
          <reporter-output>
          </reporter-output>
        </test-method> <!-- setup -->
        <test-method signature="starttest()[pri:0, instance:ust.test.ApptimerTest@3e694b3f]" started-at="2024-05-27T17:39:50 IST" name="starttest" finished-at="2024-05-27T17:39:53 IST" duration-ms="3118" status="PASS">
          <reporter-output>
          </reporter-output>
        </test-method> <!-- starttest -->
        <test-method signature="appTest()[pri:1, instance:ust.test.ApptimerTest@3e694b3f]" started-at="2024-05-27T17:39:53 IST" name="appTest" finished-at="2024-05-27T17:40:01 IST" duration-ms="8271" status="PASS">
          <reporter-output>
          </reporter-output>
        </test-method> <!-- appTest -->
        <test-method signature="generalstoreTest()[pri:2, instance:ust.test.ApptimerTest@3e694b3f]" started-at="2024-05-27T17:40:01 IST" name="generalstoreTest" finished-at="2024-05-27T17:40:04 IST" duration-ms="2611" status="PASS">
          <reporter-output>
          </reporter-output>
        </test-method> <!-- generalstoreTest -->
        <test-method signature="timerTest()[pri:3, instance:ust.test.ApptimerTest@3e694b3f]" started-at="2024-05-27T17:40:04 IST" name="timerTest" finished-at="2024-05-27T17:40:06 IST" duration-ms="2355" status="PASS">
          <reporter-output>
          </reporter-output>
        </test-method> <!-- timerTest -->
      </class> <!-- ust.test.ApptimerTest -->
    </test> <!-- Default test -->
  </suite> <!-- Default suite -->
</testng-results>
